[2018-08-24T00:24:52,393][INFO ][o.e.c.m.MetaDataMappingService] [ulljGDa] [articles/7cYTrFZ1R12X1Hkr0-eKfw] create_mapping [thearticles]
[2018-08-24T13:28:00,475][INFO ][o.e.c.m.MetaDataCreateIndexService] [ulljGDa] [articles] creating index, cause [auto(index api)], templates [], shards [5]/[1], mappings []
[2018-08-24T13:28:00,759][INFO ][o.e.c.m.MetaDataMappingService] [ulljGDa] [articles/QoBBSBpgQWSHyOEYn-EaBA] create_mapping [TheHindu]
[2018-08-24T13:29:21,343][INFO ][o.e.c.m.MetaDataMappingService] [ulljGDa] [articles/QoBBSBpgQWSHyOEYn-EaBA] create_mapping [GeeksForGeeks]
[2018-08-24T13:37:02,059][INFO ][o.e.c.m.MetaDataCreateIndexService] [ulljGDa] [articles] creating index, cause [auto(index api)], templates [], shards [5]/[1], mappings []
[2018-08-24T13:37:02,334][INFO ][o.e.c.m.MetaDataMappingService] [ulljGDa] [articles/ao3uZFU7SDq-tQ4UuggzCA] create_mapping [TheHindu]
[2018-08-24T13:38:26,357][INFO ][o.e.c.m.MetaDataCreateIndexService] [ulljGDa] [articles] creating index, cause [auto(index api)], templates [], shards [5]/[1], mappings []
[2018-08-24T13:38:26,634][INFO ][o.e.c.m.MetaDataMappingService] [ulljGDa] [articles/6zDbEFLUSQaocWxM-5ypOA] create_mapping [TheHindu]
[2018-08-24T13:44:16,956][INFO ][o.e.c.m.MetaDataCreateIndexService] [ulljGDa] [articles] creating index, cause [auto(index api)], templates [], shards [5]/[1], mappings []
[2018-08-24T13:44:17,227][INFO ][o.e.c.m.MetaDataMappingService] [ulljGDa] [articles/0faeDF1ET3K1k2cxfwRdVA] create_mapping [TheHindu]
[2018-08-24T13:51:32,176][INFO ][o.e.c.m.MetaDataCreateIndexService] [ulljGDa] [articles] creating index, cause [auto(index api)], templates [], shards [5]/[1], mappings []
[2018-08-24T13:51:32,458][INFO ][o.e.c.m.MetaDataMappingService] [ulljGDa] [articles/BhbWQwSfTT2hPZIwcJh_4A] create_mapping [TheHindu]
[2018-08-24T14:03:21,951][INFO ][o.e.c.m.MetaDataMappingService] [ulljGDa] [articles/BhbWQwSfTT2hPZIwcJh_4A] create_mapping [GeeksForGeeks]
[2018-08-24T14:38:59,631][INFO ][o.e.c.m.MetaDataCreateIndexService] [ulljGDa] [articles] creating index, cause [auto(index api)], templates [], shards [5]/[1], mappings []
[2018-08-24T14:38:59,970][INFO ][o.e.c.m.MetaDataMappingService] [ulljGDa] [articles/vSDSFgO_QjCZ2i8oYVfAKA] create_mapping [TheHindu]
[2018-08-24T15:29:17,318][INFO ][o.e.c.m.MetaDataCreateIndexService] [ulljGDa] [articles] creating index, cause [auto(index api)], templates [], shards [5]/[1], mappings []
[2018-08-24T15:29:17,613][INFO ][o.e.c.m.MetaDataMappingService] [ulljGDa] [articles/mfQMxt4HTRO7m-r9OE7TVA] create_mapping [TheHindu]
[2018-08-24T15:29:19,856][INFO ][o.e.c.m.MetaDataMappingService] [ulljGDa] [articles/mfQMxt4HTRO7m-r9OE7TVA] create_mapping [GeeksForGeeks]
[2018-08-24T15:31:40,571][INFO ][o.e.c.m.MetaDataCreateIndexService] [ulljGDa] [articles] creating index, cause [auto(index api)], templates [], shards [5]/[1], mappings []
[2018-08-24T15:31:40,877][INFO ][o.e.c.m.MetaDataMappingService] [ulljGDa] [articles/XyeRi7AeTXOD9UJTWZF0Wg] create_mapping [GeeksForGeeks]
[2018-08-24T15:31:40,878][INFO ][o.e.c.m.MetaDataMappingService] [ulljGDa] [articles/XyeRi7AeTXOD9UJTWZF0Wg] create_mapping [TheHindu]
[2018-08-24T19:27:23,789][INFO ][o.e.c.m.MetaDataCreateIndexService] [ulljGDa] [article] creating index, cause [auto(index api)], templates [], shards [5]/[1], mappings []
[2018-08-24T19:27:24,081][INFO ][o.e.c.m.MetaDataMappingService] [ulljGDa] [article/OWkwutpjQOGiCDbNG4UUgA] create_mapping [doc]
[2018-08-24T19:28:05,281][INFO ][o.e.c.m.MetaDataCreateIndexService] [ulljGDa] [saved_crawlers] creating index, cause [auto(index api)], templates [], shards [5]/[1], mappings []
[2018-08-24T19:28:05,583][INFO ][o.e.c.m.MetaDataMappingService] [ulljGDa] [saved_crawlers/4xsn_LreR-CN-MQKUVAg1Q] create_mapping [doc]
