[2018-08-28T15:12:35,697][INFO ][o.e.c.m.MetaDataMappingService] [ulljGDa] [articlef/zER_qgcGS0y_dSOrh39XzQ] create_mapping [Medium]
[2018-08-28T19:13:46,113][INFO ][o.e.c.m.MetaDataCreateIndexService] [ulljGDa] [article_l] creating index, cause [auto(index api)], templates [], shards [5]/[1], mappings []
[2018-08-28T19:13:46,422][INFO ][o.e.c.m.MetaDataMappingService] [ulljGDa] [article_l/tpgkkLWJR2mTXHPcDyVFjw] create_mapping [PetrMitrichev]
[2018-08-28T19:28:32,774][INFO ][o.e.c.m.MetaDataMappingService] [ulljGDa] [article_l/tpgkkLWJR2mTXHPcDyVFjw] create_mapping [AndrejKarpathyGithub]
[2018-08-28T19:28:40,160][INFO ][o.e.c.m.MetaDataMappingService] [ulljGDa] [article_l/tpgkkLWJR2mTXHPcDyVFjw] create_mapping [AndrejKarpathy]
[2018-08-28T19:38:59,104][INFO ][o.e.c.m.MetaDataCreateIndexService] [ulljGDa] [article_n] creating index, cause [auto(index api)], templates [], shards [5]/[1], mappings []
[2018-08-28T19:38:59,390][INFO ][o.e.c.m.MetaDataMappingService] [ulljGDa] [article_n/7nlkJS56Sa-5s6dDnNtQPQ] create_mapping [PetrMitrichev]
[2018-08-28T19:43:55,448][INFO ][o.e.c.m.MetaDataCreateIndexService] [ulljGDa] [article_a] creating index, cause [auto(index api)], templates [], shards [5]/[1], mappings []
[2018-08-28T19:43:55,798][INFO ][o.e.c.m.MetaDataMappingService] [ulljGDa] [article_a/uFfGe3sjQBKJs1-AMR2QNQ] create_mapping [PetrMitrichev]
[2018-08-28T19:45:46,083][INFO ][o.e.c.m.MetaDataCreateIndexService] [ulljGDa] [article_a] creating index, cause [auto(index api)], templates [], shards [5]/[1], mappings []
[2018-08-28T19:45:46,357][INFO ][o.e.c.m.MetaDataMappingService] [ulljGDa] [article_a/FANtBiv5R5eJJMHFbY2-7w] create_mapping [PetrMitrichev]
[2018-08-28T19:50:38,866][INFO ][o.e.c.m.MetaDataCreateIndexService] [ulljGDa] [article_b] creating index, cause [auto(index api)], templates [], shards [5]/[1], mappings []
[2018-08-28T19:50:39,129][INFO ][o.e.c.m.MetaDataMappingService] [ulljGDa] [article_b/j1cq6Q71TLiqo6YQUNdiHQ] create_mapping [PetrMitrichev]
[2018-08-28T20:14:28,889][INFO ][o.e.c.m.MetaDataCreateIndexService] [ulljGDa] [article_final] creating index, cause [auto(index api)], templates [], shards [5]/[1], mappings []
[2018-08-28T20:14:29,205][INFO ][o.e.c.m.MetaDataMappingService] [ulljGDa] [article_final/_v4Kyjo8SHCutwLqRrQ-zw] create_mapping [PetrMitrichev]
[2018-08-28T20:50:49,975][INFO ][o.e.c.m.MetaDataCreateIndexService] [ulljGDa] [article_other] creating index, cause [auto(index api)], templates [], shards [5]/[1], mappings []
[2018-08-28T20:50:50,291][INFO ][o.e.c.m.MetaDataMappingService] [ulljGDa] [article_other/I2KsBjbaTaieUeFt2bqO1Q] create_mapping [PetrMitrichev]
[2018-08-28T20:51:36,963][INFO ][o.e.c.m.MetaDataMappingService] [ulljGDa] [article_other/I2KsBjbaTaieUeFt2bqO1Q] create_mapping [Forbes]
[2018-08-28T20:51:37,082][INFO ][o.e.c.m.MetaDataMappingService] [ulljGDa] [articlef/zER_qgcGS0y_dSOrh39XzQ] create_mapping [Forbes]
[2018-08-28T20:53:48,959][INFO ][o.e.c.m.MetaDataCreateIndexService] [ulljGDa] [article_other] creating index, cause [auto(index api)], templates [], shards [5]/[1], mappings []
[2018-08-28T20:53:49,243][INFO ][o.e.c.m.MetaDataMappingService] [ulljGDa] [article_other/UPmMR_YxTLigbxDkVRNE4w] create_mapping [PetrMitrichev]
[2018-08-28T20:53:50,053][INFO ][o.e.c.m.MetaDataMappingService] [ulljGDa] [article_other/UPmMR_YxTLigbxDkVRNE4w] create_mapping [Forbes]
[2018-08-28T20:55:49,267][INFO ][o.e.c.m.MetaDataCreateIndexService] [ulljGDa] [article_other] creating index, cause [auto(index api)], templates [], shards [5]/[1], mappings []
[2018-08-28T20:55:49,549][INFO ][o.e.c.m.MetaDataMappingService] [ulljGDa] [article_other/CVz7C-iuQgaeUko51EdJCg] create_mapping [Forbes]
[2018-08-28T21:12:15,208][INFO ][o.e.c.m.MetaDataMappingService] [ulljGDa] [article_other/CVz7C-iuQgaeUko51EdJCg] create_mapping [PetrMitrichev]
[2018-08-28T21:14:06,562][INFO ][o.e.c.m.MetaDataCreateIndexService] [ulljGDa] [article_other] creating index, cause [auto(index api)], templates [], shards [5]/[1], mappings []
[2018-08-28T21:14:06,833][INFO ][o.e.c.m.MetaDataMappingService] [ulljGDa] [article_other/FGXFyLvjRTSgBQKKUk1icQ] create_mapping [PetrMitrichev]
