[2018-08-22T13:08:24,022][INFO ][o.e.c.m.MetaDataCreateIndexService] [ulljGDa] [article] creating index, cause [auto(index api)], templates [], shards [5]/[1], mappings []
[2018-08-22T13:08:24,404][INFO ][o.e.c.m.MetaDataMappingService] [ulljGDa] [article/QGzQnw2ESQqv6IpYCNs_tQ] create_mapping [doc]
[2018-08-22T13:29:59,349][INFO ][o.e.c.m.MetaDataCreateIndexService] [ulljGDa] [article] creating index, cause [auto(index api)], templates [], shards [5]/[1], mappings []
[2018-08-22T13:29:59,675][INFO ][o.e.c.m.MetaDataMappingService] [ulljGDa] [article/MkatqOqrTHWQY4DG-Y0hNA] create_mapping [doc]
[2018-08-22T13:32:59,956][INFO ][o.e.c.m.MetaDataCreateIndexService] [ulljGDa] [article] creating index, cause [api], templates [], shards [5]/[1], mappings [doc]
[2018-08-22T13:34:05,954][INFO ][o.e.c.m.MetaDataCreateIndexService] [ulljGDa] [saved_crawlers] creating index, cause [api], templates [], shards [5]/[1], mappings [doc]
[2018-08-22T13:34:56,724][INFO ][o.e.c.m.MetaDataCreateIndexService] [ulljGDa] [article] creating index, cause [auto(index api)], templates [], shards [5]/[1], mappings []
[2018-08-22T13:34:57,065][INFO ][o.e.c.m.MetaDataMappingService] [ulljGDa] [article/64LrCdBzQ3yYciuDsCkk8A] create_mapping [doc]
[2018-08-22T13:35:01,465][INFO ][o.e.c.m.MetaDataCreateIndexService] [ulljGDa] [saved_crawlers] creating index, cause [auto(index api)], templates [], shards [5]/[1], mappings []
[2018-08-22T13:35:01,769][INFO ][o.e.c.m.MetaDataMappingService] [ulljGDa] [saved_crawlers/5PhbbaJXQNWwQOu3DZmKww] create_mapping [doc]
[2018-08-22T13:37:36,156][INFO ][o.e.c.m.MetaDataCreateIndexService] [ulljGDa] [article] creating index, cause [auto(index api)], templates [], shards [5]/[1], mappings []
[2018-08-22T13:37:36,477][INFO ][o.e.c.m.MetaDataMappingService] [ulljGDa] [article/l_0bRwG3Q_6sP14WjTjRYg] create_mapping [doc]
[2018-08-22T13:38:21,527][INFO ][o.e.c.m.MetaDataCreateIndexService] [ulljGDa] [article] creating index, cause [auto(index api)], templates [], shards [5]/[1], mappings []
[2018-08-22T13:38:21,842][INFO ][o.e.c.m.MetaDataMappingService] [ulljGDa] [article/cor1o7rzRTOI2qSMJCKQkQ] create_mapping [doc]
[2018-08-22T13:38:31,903][INFO ][o.e.c.m.MetaDataCreateIndexService] [ulljGDa] [saved_crawlers] creating index, cause [auto(index api)], templates [], shards [5]/[1], mappings []
[2018-08-22T13:38:32,213][INFO ][o.e.c.m.MetaDataMappingService] [ulljGDa] [saved_crawlers/Lx1AylB2Tu2CINeLa5dD6A] create_mapping [doc]
[2018-08-22T14:54:37,125][INFO ][o.e.c.m.MetaDataCreateIndexService] [ulljGDa] [twitter] creating index, cause [api], templates [], shards [3]/[2], mappings []
[2018-08-22T15:07:24,610][INFO ][o.e.n.Node               ] [ulljGDa] stopping ...
[2018-08-22T15:07:24,663][INFO ][o.e.n.Node               ] [ulljGDa] stopped
[2018-08-22T15:07:24,663][INFO ][o.e.n.Node               ] [ulljGDa] closing ...
[2018-08-22T15:07:24,673][INFO ][o.e.n.Node               ] [ulljGDa] closed
[2018-08-22T15:07:42,978][INFO ][o.e.n.Node               ] [] initializing ...
[2018-08-22T15:07:43,061][INFO ][o.e.e.NodeEnvironment    ] [ulljGDa] using [1] data paths, mounts [[/ (/dev/disk1s1)]], net usable_space [190.4gb], net total_space [233.4gb], spins? [unknown], types [apfs]
[2018-08-22T15:07:43,061][INFO ][o.e.e.NodeEnvironment    ] [ulljGDa] heap size [1.9gb], compressed ordinary object pointers [true]
[2018-08-22T15:07:43,100][INFO ][o.e.n.Node               ] node name [ulljGDa] derived from node ID [ulljGDafTlqwo9lyGJYBIw]; set [node.name] to override
[2018-08-22T15:07:43,102][INFO ][o.e.n.Node               ] version[5.1.1], pid[5536], build[5395e21/2016-12-06T12:36:15.409Z], OS[Mac OS X/10.13.6/x86_64], JVM["Oracle Corporation"/Java HotSpot(TM) 64-Bit Server VM/10.0.2/10.0.2+13]
[2018-08-22T15:07:45,179][INFO ][o.e.p.PluginsService     ] [ulljGDa] loaded module [aggs-matrix-stats]
[2018-08-22T15:07:45,180][INFO ][o.e.p.PluginsService     ] [ulljGDa] loaded module [ingest-common]
[2018-08-22T15:07:45,180][INFO ][o.e.p.PluginsService     ] [ulljGDa] loaded module [lang-expression]
[2018-08-22T15:07:45,180][INFO ][o.e.p.PluginsService     ] [ulljGDa] loaded module [lang-groovy]
[2018-08-22T15:07:45,180][INFO ][o.e.p.PluginsService     ] [ulljGDa] loaded module [lang-mustache]
[2018-08-22T15:07:45,180][INFO ][o.e.p.PluginsService     ] [ulljGDa] loaded module [lang-painless]
[2018-08-22T15:07:45,180][INFO ][o.e.p.PluginsService     ] [ulljGDa] loaded module [percolator]
[2018-08-22T15:07:45,180][INFO ][o.e.p.PluginsService     ] [ulljGDa] loaded module [reindex]
[2018-08-22T15:07:45,180][INFO ][o.e.p.PluginsService     ] [ulljGDa] loaded module [transport-netty3]
[2018-08-22T15:07:45,180][INFO ][o.e.p.PluginsService     ] [ulljGDa] loaded module [transport-netty4]
[2018-08-22T15:07:45,181][INFO ][o.e.p.PluginsService     ] [ulljGDa] no plugins loaded
[2018-08-22T15:07:46,523][INFO ][o.e.n.Node               ] initialized
[2018-08-22T15:07:46,523][INFO ][o.e.n.Node               ] [ulljGDa] starting ...
[2018-08-22T15:07:46,668][INFO ][o.e.t.TransportService   ] [ulljGDa] publish_address {127.0.0.1:9300}, bound_addresses {[fe80::1]:9300}, {[::1]:9300}, {127.0.0.1:9300}, {127.94.0.1:9300}
[2018-08-22T15:07:49,747][INFO ][o.e.c.s.ClusterService   ] [ulljGDa] new_master {ulljGDa}{ulljGDafTlqwo9lyGJYBIw}{EUvoiyWRTO-MdG0t3Rf1xQ}{127.0.0.1}{127.0.0.1:9300}, reason: zen-disco-elected-as-master ([0] nodes joined)
[2018-08-22T15:07:49,761][INFO ][o.e.h.HttpServer         ] [ulljGDa] publish_address {127.0.0.1:9200}, bound_addresses {[fe80::1]:9200}, {[::1]:9200}, {127.0.0.1:9200}, {127.94.0.1:9200}
[2018-08-22T15:07:49,762][INFO ][o.e.n.Node               ] [ulljGDa] started
[2018-08-22T15:07:49,982][INFO ][o.e.g.GatewayService     ] [ulljGDa] recovered [3] indices into cluster_state
[2018-08-22T15:07:50,716][INFO ][o.e.c.r.a.AllocationService] [ulljGDa] Cluster health status changed from [RED] to [YELLOW] (reason: [shards started [[article][2]] ...]).
[2018-08-22T15:59:38,280][DEBUG][o.e.a.a.i.m.p.TransportPutMappingAction] [ulljGDa] failed to put mappings on indices [[[twitter/XFDQD3b7TEGxQzwUmOI7-A]]], type [_doc]
org.elasticsearch.indices.InvalidTypeNameException: Document mapping type name can't start with '_', found: [_doc]
	at org.elasticsearch.cluster.metadata.MetaDataMappingService$PutMappingExecutor.applyRequest(MetaDataMappingService.java:299) ~[elasticsearch-5.1.1.jar:5.1.1]
	at org.elasticsearch.cluster.metadata.MetaDataMappingService$PutMappingExecutor.execute(MetaDataMappingService.java:232) ~[elasticsearch-5.1.1.jar:5.1.1]
	at org.elasticsearch.cluster.service.ClusterService.runTasksForExecutor(ClusterService.java:581) [elasticsearch-5.1.1.jar:5.1.1]
	at org.elasticsearch.cluster.service.ClusterService$UpdateTask.run(ClusterService.java:920) [elasticsearch-5.1.1.jar:5.1.1]
	at org.elasticsearch.common.util.concurrent.ThreadContext$ContextPreservingRunnable.run(ThreadContext.java:458) [elasticsearch-5.1.1.jar:5.1.1]
	at org.elasticsearch.common.util.concurrent.PrioritizedEsThreadPoolExecutor$TieBreakingPrioritizedRunnable.runAndClean(PrioritizedEsThreadPoolExecutor.java:238) [elasticsearch-5.1.1.jar:5.1.1]
	at org.elasticsearch.common.util.concurrent.PrioritizedEsThreadPoolExecutor$TieBreakingPrioritizedRunnable.run(PrioritizedEsThreadPoolExecutor.java:201) [elasticsearch-5.1.1.jar:5.1.1]
	at java.util.concurrent.ThreadPoolExecutor.runWorker(ThreadPoolExecutor.java:1135) [?:?]
	at java.util.concurrent.ThreadPoolExecutor$Worker.run(ThreadPoolExecutor.java:635) [?:?]
	at java.lang.Thread.run(Thread.java:844) [?:?]
[2018-08-22T16:06:57,938][WARN ][r.suppressed             ] path: /twitter, params: {index=twitter}
org.elasticsearch.common.settings.SettingsException: Failed to load settings from [2
{
    "user" : "kimchy",
    "post_date" : "2009-11-15T14:12:12",
    "message" : "trying out Elasticsearch"
}
]
	at org.elasticsearch.common.settings.Settings$Builder.loadFromSource(Settings.java:916) ~[elasticsearch-5.1.1.jar:5.1.1]
	at org.elasticsearch.action.admin.indices.create.CreateIndexRequest.settings(CreateIndexRequest.java:174) ~[elasticsearch-5.1.1.jar:5.1.1]
	at org.elasticsearch.action.admin.indices.create.CreateIndexRequest.source(CreateIndexRequest.java:370) ~[elasticsearch-5.1.1.jar:5.1.1]
	at org.elasticsearch.rest.action.admin.indices.RestCreateIndexAction.prepareRequest(RestCreateIndexAction.java:49) ~[elasticsearch-5.1.1.jar:5.1.1]
	at org.elasticsearch.rest.BaseRestHandler.handleRequest(BaseRestHandler.java:66) ~[elasticsearch-5.1.1.jar:5.1.1]
	at org.elasticsearch.rest.RestController.executeHandler(RestController.java:243) ~[elasticsearch-5.1.1.jar:5.1.1]
	at org.elasticsearch.rest.RestController.dispatchRequest(RestController.java:200) [elasticsearch-5.1.1.jar:5.1.1]
	at org.elasticsearch.http.HttpServer.dispatchRequest(HttpServer.java:113) [elasticsearch-5.1.1.jar:5.1.1]
	at org.elasticsearch.http.netty4.Netty4HttpServerTransport.dispatchRequest(Netty4HttpServerTransport.java:507) [transport-netty4-5.1.1.jar:5.1.1]
	at org.elasticsearch.http.netty4.Netty4HttpRequestHandler.channelRead0(Netty4HttpRequestHandler.java:69) [transport-netty4-5.1.1.jar:5.1.1]
	at io.netty.channel.SimpleChannelInboundHandler.channelRead(SimpleChannelInboundHandler.java:105) [netty-transport-4.1.6.Final.jar:4.1.6.Final]
	at io.netty.channel.AbstractChannelHandlerContext.invokeChannelRead(AbstractChannelHandlerContext.java:373) [netty-transport-4.1.6.Final.jar:4.1.6.Final]
	at io.netty.channel.AbstractChannelHandlerContext.invokeChannelRead(AbstractChannelHandlerContext.java:359) [netty-transport-4.1.6.Final.jar:4.1.6.Final]
	at io.netty.channel.AbstractChannelHandlerContext.fireChannelRead(AbstractChannelHandlerContext.java:351) [netty-transport-4.1.6.Final.jar:4.1.6.Final]
	at org.elasticsearch.http.netty4.pipelining.HttpPipeliningHandler.channelRead(HttpPipeliningHandler.java:66) [transport-netty4-5.1.1.jar:5.1.1]
	at io.netty.channel.AbstractChannelHandlerContext.invokeChannelRead(AbstractChannelHandlerContext.java:373) [netty-transport-4.1.6.Final.jar:4.1.6.Final]
	at io.netty.channel.AbstractChannelHandlerContext.invokeChannelRead(AbstractChannelHandlerContext.java:359) [netty-transport-4.1.6.Final.jar:4.1.6.Final]
	at io.netty.channel.AbstractChannelHandlerContext.fireChannelRead(AbstractChannelHandlerContext.java:351) [netty-transport-4.1.6.Final.jar:4.1.6.Final]
	at io.netty.handler.codec.MessageToMessageDecoder.channelRead(MessageToMessageDecoder.java:102) [netty-codec-4.1.6.Final.jar:4.1.6.Final]
	at io.netty.handler.codec.MessageToMessageCodec.channelRead(MessageToMessageCodec.java:111) [netty-codec-4.1.6.Final.jar:4.1.6.Final]
	at io.netty.channel.AbstractChannelHandlerContext.invokeChannelRead(AbstractChannelHandlerContext.java:373) [netty-transport-4.1.6.Final.jar:4.1.6.Final]
	at io.netty.channel.AbstractChannelHandlerContext.invokeChannelRead(AbstractChannelHandlerContext.java:359) [netty-transport-4.1.6.Final.jar:4.1.6.Final]
	at io.netty.channel.AbstractChannelHandlerContext.fireChannelRead(AbstractChannelHandlerContext.java:351) [netty-transport-4.1.6.Final.jar:4.1.6.Final]
	at io.netty.handler.codec.MessageToMessageDecoder.channelRead(MessageToMessageDecoder.java:102) [netty-codec-4.1.6.Final.jar:4.1.6.Final]
	at io.netty.channel.AbstractChannelHandlerContext.invokeChannelRead(AbstractChannelHandlerContext.java:373) [netty-transport-4.1.6.Final.jar:4.1.6.Final]
	at io.netty.channel.AbstractChannelHandlerContext.invokeChannelRead(AbstractChannelHandlerContext.java:359) [netty-transport-4.1.6.Final.jar:4.1.6.Final]
	at io.netty.channel.AbstractChannelHandlerContext.fireChannelRead(AbstractChannelHandlerContext.java:351) [netty-transport-4.1.6.Final.jar:4.1.6.Final]
	at io.netty.handler.codec.MessageToMessageDecoder.channelRead(MessageToMessageDecoder.java:102) [netty-codec-4.1.6.Final.jar:4.1.6.Final]
	at io.netty.channel.AbstractChannelHandlerContext.invokeChannelRead(AbstractChannelHandlerContext.java:373) [netty-transport-4.1.6.Final.jar:4.1.6.Final]
	at io.netty.channel.AbstractChannelHandlerContext.invokeChannelRead(AbstractChannelHandlerContext.java:359) [netty-transport-4.1.6.Final.jar:4.1.6.Final]
	at io.netty.channel.AbstractChannelHandlerContext.fireChannelRead(AbstractChannelHandlerContext.java:351) [netty-transport-4.1.6.Final.jar:4.1.6.Final]
	at io.netty.handler.codec.ByteToMessageDecoder.fireChannelRead(ByteToMessageDecoder.java:293) [netty-codec-4.1.6.Final.jar:4.1.6.Final]
	at io.netty.handler.codec.ByteToMessageDecoder.channelRead(ByteToMessageDecoder.java:267) [netty-codec-4.1.6.Final.jar:4.1.6.Final]
	at io.netty.channel.AbstractChannelHandlerContext.invokeChannelRead(AbstractChannelHandlerContext.java:373) [netty-transport-4.1.6.Final.jar:4.1.6.Final]
	at io.netty.channel.AbstractChannelHandlerContext.invokeChannelRead(AbstractChannelHandlerContext.java:359) [netty-transport-4.1.6.Final.jar:4.1.6.Final]
	at io.netty.channel.AbstractChannelHandlerContext.fireChannelRead(AbstractChannelHandlerContext.java:351) [netty-transport-4.1.6.Final.jar:4.1.6.Final]
	at io.netty.channel.ChannelInboundHandlerAdapter.channelRead(ChannelInboundHandlerAdapter.java:86) [netty-transport-4.1.6.Final.jar:4.1.6.Final]
	at io.netty.channel.AbstractChannelHandlerContext.invokeChannelRead(AbstractChannelHandlerContext.java:373) [netty-transport-4.1.6.Final.jar:4.1.6.Final]
	at io.netty.channel.AbstractChannelHandlerContext.invokeChannelRead(AbstractChannelHandlerContext.java:359) [netty-transport-4.1.6.Final.jar:4.1.6.Final]
	at io.netty.channel.AbstractChannelHandlerContext.fireChannelRead(AbstractChannelHandlerContext.java:351) [netty-transport-4.1.6.Final.jar:4.1.6.Final]
	at io.netty.channel.DefaultChannelPipeline$HeadContext.channelRead(DefaultChannelPipeline.java:1334) [netty-transport-4.1.6.Final.jar:4.1.6.Final]
	at io.netty.channel.AbstractChannelHandlerContext.invokeChannelRead(AbstractChannelHandlerContext.java:373) [netty-transport-4.1.6.Final.jar:4.1.6.Final]
	at io.netty.channel.AbstractChannelHandlerContext.invokeChannelRead(AbstractChannelHandlerContext.java:359) [netty-transport-4.1.6.Final.jar:4.1.6.Final]
	at io.netty.channel.DefaultChannelPipeline.fireChannelRead(DefaultChannelPipeline.java:926) [netty-transport-4.1.6.Final.jar:4.1.6.Final]
	at io.netty.channel.nio.AbstractNioByteChannel$NioByteUnsafe.read(AbstractNioByteChannel.java:129) [netty-transport-4.1.6.Final.jar:4.1.6.Final]
	at io.netty.channel.nio.NioEventLoop.processSelectedKey(NioEventLoop.java:651) [netty-transport-4.1.6.Final.jar:4.1.6.Final]
	at io.netty.channel.nio.NioEventLoop.processSelectedKeysPlain(NioEventLoop.java:536) [netty-transport-4.1.6.Final.jar:4.1.6.Final]
	at io.netty.channel.nio.NioEventLoop.processSelectedKeys(NioEventLoop.java:490) [netty-transport-4.1.6.Final.jar:4.1.6.Final]
	at io.netty.channel.nio.NioEventLoop.run(NioEventLoop.java:450) [netty-transport-4.1.6.Final.jar:4.1.6.Final]
	at io.netty.util.concurrent.SingleThreadEventExecutor$5.run(SingleThreadEventExecutor.java:873) [netty-common-4.1.6.Final.jar:4.1.6.Final]
	at java.lang.Thread.run(Thread.java:844) [?:?]
Caused by: org.elasticsearch.ElasticsearchParseException: malformed, expected settings to start with 'object', instead was [VALUE_NUMBER]
	at org.elasticsearch.common.settings.loader.XContentSettingsLoader.load(XContentSettingsLoader.java:70) ~[elasticsearch-5.1.1.jar:5.1.1]
	at org.elasticsearch.common.settings.loader.XContentSettingsLoader.load(XContentSettingsLoader.java:50) ~[elasticsearch-5.1.1.jar:5.1.1]
	at org.elasticsearch.common.settings.Settings$Builder.loadFromSource(Settings.java:913) ~[elasticsearch-5.1.1.jar:5.1.1]
	... 50 more
[2018-08-22T16:09:08,530][INFO ][o.e.c.m.MetaDataMappingService] [ulljGDa] [twitter/XFDQD3b7TEGxQzwUmOI7-A] create_mapping [article]
[2018-08-22T16:16:08,683][INFO ][o.e.n.Node               ] [ulljGDa] stopping ...
[2018-08-22T16:16:08,722][INFO ][o.e.n.Node               ] [ulljGDa] stopped
[2018-08-22T16:16:08,723][INFO ][o.e.n.Node               ] [ulljGDa] closing ...
[2018-08-22T16:16:08,731][INFO ][o.e.n.Node               ] [ulljGDa] closed
[2018-08-22T16:16:16,406][INFO ][o.e.n.Node               ] [] initializing ...
[2018-08-22T16:16:16,471][INFO ][o.e.e.NodeEnvironment    ] [ulljGDa] using [1] data paths, mounts [[/ (/dev/disk1s1)]], net usable_space [190.5gb], net total_space [233.4gb], spins? [unknown], types [apfs]
[2018-08-22T16:16:16,471][INFO ][o.e.e.NodeEnvironment    ] [ulljGDa] heap size [1.9gb], compressed ordinary object pointers [true]
[2018-08-22T16:16:16,499][INFO ][o.e.n.Node               ] node name [ulljGDa] derived from node ID [ulljGDafTlqwo9lyGJYBIw]; set [node.name] to override
[2018-08-22T16:16:16,501][INFO ][o.e.n.Node               ] version[5.1.1], pid[5721], build[5395e21/2016-12-06T12:36:15.409Z], OS[Mac OS X/10.13.6/x86_64], JVM["Oracle Corporation"/Java HotSpot(TM) 64-Bit Server VM/10.0.2/10.0.2+13]
[2018-08-22T16:16:16,943][INFO ][o.e.p.PluginsService     ] [ulljGDa] loaded module [aggs-matrix-stats]
[2018-08-22T16:16:16,943][INFO ][o.e.p.PluginsService     ] [ulljGDa] loaded module [ingest-common]
[2018-08-22T16:16:16,943][INFO ][o.e.p.PluginsService     ] [ulljGDa] loaded module [lang-expression]
[2018-08-22T16:16:16,943][INFO ][o.e.p.PluginsService     ] [ulljGDa] loaded module [lang-groovy]
[2018-08-22T16:16:16,943][INFO ][o.e.p.PluginsService     ] [ulljGDa] loaded module [lang-mustache]
[2018-08-22T16:16:16,943][INFO ][o.e.p.PluginsService     ] [ulljGDa] loaded module [lang-painless]
[2018-08-22T16:16:16,943][INFO ][o.e.p.PluginsService     ] [ulljGDa] loaded module [percolator]
[2018-08-22T16:16:16,943][INFO ][o.e.p.PluginsService     ] [ulljGDa] loaded module [reindex]
[2018-08-22T16:16:16,943][INFO ][o.e.p.PluginsService     ] [ulljGDa] loaded module [transport-netty3]
[2018-08-22T16:16:16,943][INFO ][o.e.p.PluginsService     ] [ulljGDa] loaded module [transport-netty4]
[2018-08-22T16:16:16,944][INFO ][o.e.p.PluginsService     ] [ulljGDa] no plugins loaded
[2018-08-22T16:16:18,243][INFO ][o.e.n.Node               ] initialized
[2018-08-22T16:16:18,243][INFO ][o.e.n.Node               ] [ulljGDa] starting ...
[2018-08-22T16:16:18,379][INFO ][o.e.t.TransportService   ] [ulljGDa] publish_address {127.0.0.1:9300}, bound_addresses {[fe80::1]:9300}, {[::1]:9300}, {127.0.0.1:9300}, {127.94.0.1:9300}
[2018-08-22T16:16:21,449][INFO ][o.e.c.s.ClusterService   ] [ulljGDa] new_master {ulljGDa}{ulljGDafTlqwo9lyGJYBIw}{nABOLc_eSQmEHOPrtDqD-g}{127.0.0.1}{127.0.0.1:9300}, reason: zen-disco-elected-as-master ([0] nodes joined)
[2018-08-22T16:16:21,463][INFO ][o.e.h.HttpServer         ] [ulljGDa] publish_address {127.0.0.1:9200}, bound_addresses {[fe80::1]:9200}, {[::1]:9200}, {127.0.0.1:9200}, {127.94.0.1:9200}
[2018-08-22T16:16:21,463][INFO ][o.e.n.Node               ] [ulljGDa] started
[2018-08-22T16:16:21,657][INFO ][o.e.g.GatewayService     ] [ulljGDa] recovered [3] indices into cluster_state
[2018-08-22T16:16:22,297][INFO ][o.e.c.r.a.AllocationService] [ulljGDa] Cluster health status changed from [RED] to [YELLOW] (reason: [shards started [[article][0]] ...]).
[2018-08-22T21:03:08,894][INFO ][o.e.n.Node               ] [ulljGDa] stopping ...
[2018-08-22T21:03:08,938][INFO ][o.e.n.Node               ] [ulljGDa] stopped
[2018-08-22T21:03:08,938][INFO ][o.e.n.Node               ] [ulljGDa] closing ...
[2018-08-22T21:03:08,946][INFO ][o.e.n.Node               ] [ulljGDa] closed
[2018-08-22T21:03:12,935][INFO ][o.e.n.Node               ] [] initializing ...
[2018-08-22T21:03:13,000][INFO ][o.e.e.NodeEnvironment    ] [ulljGDa] using [1] data paths, mounts [[/ (/dev/disk1s1)]], net usable_space [190.2gb], net total_space [233.4gb], spins? [unknown], types [apfs]
[2018-08-22T21:03:13,000][INFO ][o.e.e.NodeEnvironment    ] [ulljGDa] heap size [1.9gb], compressed ordinary object pointers [true]
[2018-08-22T21:03:13,028][INFO ][o.e.n.Node               ] node name [ulljGDa] derived from node ID [ulljGDafTlqwo9lyGJYBIw]; set [node.name] to override
[2018-08-22T21:03:13,030][INFO ][o.e.n.Node               ] version[5.1.1], pid[6677], build[5395e21/2016-12-06T12:36:15.409Z], OS[Mac OS X/10.13.6/x86_64], JVM["Oracle Corporation"/Java HotSpot(TM) 64-Bit Server VM/10.0.2/10.0.2+13]
[2018-08-22T21:03:14,585][INFO ][o.e.p.PluginsService     ] [ulljGDa] loaded module [aggs-matrix-stats]
[2018-08-22T21:03:14,585][INFO ][o.e.p.PluginsService     ] [ulljGDa] loaded module [ingest-common]
[2018-08-22T21:03:14,585][INFO ][o.e.p.PluginsService     ] [ulljGDa] loaded module [lang-expression]
[2018-08-22T21:03:14,585][INFO ][o.e.p.PluginsService     ] [ulljGDa] loaded module [lang-groovy]
[2018-08-22T21:03:14,585][INFO ][o.e.p.PluginsService     ] [ulljGDa] loaded module [lang-mustache]
[2018-08-22T21:03:14,585][INFO ][o.e.p.PluginsService     ] [ulljGDa] loaded module [lang-painless]
[2018-08-22T21:03:14,585][INFO ][o.e.p.PluginsService     ] [ulljGDa] loaded module [percolator]
[2018-08-22T21:03:14,585][INFO ][o.e.p.PluginsService     ] [ulljGDa] loaded module [reindex]
[2018-08-22T21:03:14,585][INFO ][o.e.p.PluginsService     ] [ulljGDa] loaded module [transport-netty3]
[2018-08-22T21:03:14,586][INFO ][o.e.p.PluginsService     ] [ulljGDa] loaded module [transport-netty4]
[2018-08-22T21:03:14,586][INFO ][o.e.p.PluginsService     ] [ulljGDa] no plugins loaded
[2018-08-22T21:03:15,832][INFO ][o.e.n.Node               ] initialized
[2018-08-22T21:03:15,832][INFO ][o.e.n.Node               ] [ulljGDa] starting ...
[2018-08-22T21:03:15,993][INFO ][o.e.t.TransportService   ] [ulljGDa] publish_address {127.0.0.1:9300}, bound_addresses {[fe80::1]:9300}, {[::1]:9300}, {127.0.0.1:9300}, {127.94.0.1:9300}
[2018-08-22T21:03:19,067][INFO ][o.e.c.s.ClusterService   ] [ulljGDa] new_master {ulljGDa}{ulljGDafTlqwo9lyGJYBIw}{KjlKSGKTRuagPwT1y6lWqw}{127.0.0.1}{127.0.0.1:9300}, reason: zen-disco-elected-as-master ([0] nodes joined)
[2018-08-22T21:03:19,083][INFO ][o.e.h.HttpServer         ] [ulljGDa] publish_address {127.0.0.1:9200}, bound_addresses {[fe80::1]:9200}, {[::1]:9200}, {127.0.0.1:9200}, {127.94.0.1:9200}
[2018-08-22T21:03:19,083][INFO ][o.e.n.Node               ] [ulljGDa] started
[2018-08-22T21:03:19,404][INFO ][o.e.g.GatewayService     ] [ulljGDa] recovered [3] indices into cluster_state
[2018-08-22T21:03:20,284][INFO ][o.e.c.r.a.AllocationService] [ulljGDa] Cluster health status changed from [RED] to [YELLOW] (reason: [shards started [[article][2]] ...]).
[2018-08-22T21:08:25,434][INFO ][o.e.n.Node               ] [ulljGDa] stopping ...
[2018-08-22T21:08:25,482][INFO ][o.e.n.Node               ] [ulljGDa] stopped
[2018-08-22T21:08:25,482][INFO ][o.e.n.Node               ] [ulljGDa] closing ...
[2018-08-22T21:08:25,488][INFO ][o.e.n.Node               ] [ulljGDa] closed
[2018-08-22T21:08:29,831][INFO ][o.e.n.Node               ] [] initializing ...
[2018-08-22T21:08:29,893][INFO ][o.e.e.NodeEnvironment    ] [ulljGDa] using [1] data paths, mounts [[/ (/dev/disk1s1)]], net usable_space [190.2gb], net total_space [233.4gb], spins? [unknown], types [apfs]
[2018-08-22T21:08:29,893][INFO ][o.e.e.NodeEnvironment    ] [ulljGDa] heap size [1.9gb], compressed ordinary object pointers [true]
[2018-08-22T21:08:29,919][INFO ][o.e.n.Node               ] node name [ulljGDa] derived from node ID [ulljGDafTlqwo9lyGJYBIw]; set [node.name] to override
[2018-08-22T21:08:29,921][INFO ][o.e.n.Node               ] version[5.1.1], pid[6710], build[5395e21/2016-12-06T12:36:15.409Z], OS[Mac OS X/10.13.6/x86_64], JVM["Oracle Corporation"/Java HotSpot(TM) 64-Bit Server VM/10.0.2/10.0.2+13]
[2018-08-22T21:08:30,374][INFO ][o.e.p.PluginsService     ] [ulljGDa] loaded module [aggs-matrix-stats]
[2018-08-22T21:08:30,374][INFO ][o.e.p.PluginsService     ] [ulljGDa] loaded module [ingest-common]
[2018-08-22T21:08:30,374][INFO ][o.e.p.PluginsService     ] [ulljGDa] loaded module [lang-expression]
[2018-08-22T21:08:30,374][INFO ][o.e.p.PluginsService     ] [ulljGDa] loaded module [lang-groovy]
[2018-08-22T21:08:30,374][INFO ][o.e.p.PluginsService     ] [ulljGDa] loaded module [lang-mustache]
[2018-08-22T21:08:30,374][INFO ][o.e.p.PluginsService     ] [ulljGDa] loaded module [lang-painless]
[2018-08-22T21:08:30,374][INFO ][o.e.p.PluginsService     ] [ulljGDa] loaded module [percolator]
[2018-08-22T21:08:30,374][INFO ][o.e.p.PluginsService     ] [ulljGDa] loaded module [reindex]
[2018-08-22T21:08:30,375][INFO ][o.e.p.PluginsService     ] [ulljGDa] loaded module [transport-netty3]
[2018-08-22T21:08:30,375][INFO ][o.e.p.PluginsService     ] [ulljGDa] loaded module [transport-netty4]
[2018-08-22T21:08:30,375][INFO ][o.e.p.PluginsService     ] [ulljGDa] no plugins loaded
[2018-08-22T21:08:31,703][INFO ][o.e.n.Node               ] initialized
[2018-08-22T21:08:31,704][INFO ][o.e.n.Node               ] [ulljGDa] starting ...
[2018-08-22T21:08:31,854][INFO ][o.e.t.TransportService   ] [ulljGDa] publish_address {127.0.0.1:9300}, bound_addresses {127.0.0.1:9300}, {[::1]:9300}
[2018-08-22T21:08:34,920][INFO ][o.e.c.s.ClusterService   ] [ulljGDa] new_master {ulljGDa}{ulljGDafTlqwo9lyGJYBIw}{RU-ytWdZTJu2wUcTlYtUXA}{localhost}{127.0.0.1:9300}, reason: zen-disco-elected-as-master ([0] nodes joined)
[2018-08-22T21:08:34,966][INFO ][o.e.h.HttpServer         ] [ulljGDa] publish_address {127.0.0.1:9200}, bound_addresses {[fe80::1]:9200}, {[::1]:9200}, {127.0.0.1:9200}, {127.94.0.1:9200}
[2018-08-22T21:08:34,966][INFO ][o.e.n.Node               ] [ulljGDa] started
[2018-08-22T21:08:35,204][INFO ][o.e.g.GatewayService     ] [ulljGDa] recovered [3] indices into cluster_state
[2018-08-22T21:08:35,936][INFO ][o.e.c.r.a.AllocationService] [ulljGDa] Cluster health status changed from [RED] to [YELLOW] (reason: [shards started [[article][1]] ...]).
[2018-08-22T21:08:56,362][INFO ][o.e.n.Node               ] [ulljGDa] stopping ...
[2018-08-22T21:08:56,406][INFO ][o.e.n.Node               ] [ulljGDa] stopped
[2018-08-22T21:08:56,406][INFO ][o.e.n.Node               ] [ulljGDa] closing ...
[2018-08-22T21:08:56,412][INFO ][o.e.n.Node               ] [ulljGDa] closed
[2018-08-22T21:09:26,398][INFO ][o.e.n.Node               ] [] initializing ...
[2018-08-22T21:09:26,455][INFO ][o.e.e.NodeEnvironment    ] [ulljGDa] using [1] data paths, mounts [[/ (/dev/disk1s1)]], net usable_space [190.2gb], net total_space [233.4gb], spins? [unknown], types [apfs]
[2018-08-22T21:09:26,456][INFO ][o.e.e.NodeEnvironment    ] [ulljGDa] heap size [1.9gb], compressed ordinary object pointers [true]
[2018-08-22T21:09:26,482][INFO ][o.e.n.Node               ] node name [ulljGDa] derived from node ID [ulljGDafTlqwo9lyGJYBIw]; set [node.name] to override
[2018-08-22T21:09:26,483][INFO ][o.e.n.Node               ] version[5.1.1], pid[6731], build[5395e21/2016-12-06T12:36:15.409Z], OS[Mac OS X/10.13.6/x86_64], JVM["Oracle Corporation"/Java HotSpot(TM) 64-Bit Server VM/10.0.2/10.0.2+13]
[2018-08-22T21:09:26,921][INFO ][o.e.p.PluginsService     ] [ulljGDa] loaded module [aggs-matrix-stats]
[2018-08-22T21:09:26,921][INFO ][o.e.p.PluginsService     ] [ulljGDa] loaded module [ingest-common]
[2018-08-22T21:09:26,921][INFO ][o.e.p.PluginsService     ] [ulljGDa] loaded module [lang-expression]
[2018-08-22T21:09:26,922][INFO ][o.e.p.PluginsService     ] [ulljGDa] loaded module [lang-groovy]
[2018-08-22T21:09:26,922][INFO ][o.e.p.PluginsService     ] [ulljGDa] loaded module [lang-mustache]
[2018-08-22T21:09:26,922][INFO ][o.e.p.PluginsService     ] [ulljGDa] loaded module [lang-painless]
[2018-08-22T21:09:26,922][INFO ][o.e.p.PluginsService     ] [ulljGDa] loaded module [percolator]
[2018-08-22T21:09:26,922][INFO ][o.e.p.PluginsService     ] [ulljGDa] loaded module [reindex]
[2018-08-22T21:09:26,922][INFO ][o.e.p.PluginsService     ] [ulljGDa] loaded module [transport-netty3]
[2018-08-22T21:09:26,922][INFO ][o.e.p.PluginsService     ] [ulljGDa] loaded module [transport-netty4]
[2018-08-22T21:09:26,923][INFO ][o.e.p.PluginsService     ] [ulljGDa] no plugins loaded
[2018-08-22T21:09:28,093][INFO ][o.e.n.Node               ] initialized
[2018-08-22T21:09:28,094][INFO ][o.e.n.Node               ] [ulljGDa] starting ...
[2018-08-22T21:09:28,254][INFO ][o.e.t.TransportService   ] [ulljGDa] publish_address {127.0.0.1:9300}, bound_addresses {[fe80::1]:9300}, {[::1]:9300}, {127.0.0.1:9300}, {127.94.0.1:9300}
[2018-08-22T21:09:31,325][INFO ][o.e.c.s.ClusterService   ] [ulljGDa] new_master {ulljGDa}{ulljGDafTlqwo9lyGJYBIw}{A5eee4oGQy6kW_VS_L56yw}{127.0.0.1}{127.0.0.1:9300}, reason: zen-disco-elected-as-master ([0] nodes joined)
[2018-08-22T21:09:31,338][INFO ][o.e.h.HttpServer         ] [ulljGDa] publish_address {127.0.0.1:9200}, bound_addresses {[fe80::1]:9200}, {[::1]:9200}, {127.0.0.1:9200}, {127.94.0.1:9200}
[2018-08-22T21:09:31,338][INFO ][o.e.n.Node               ] [ulljGDa] started
[2018-08-22T21:09:31,583][INFO ][o.e.g.GatewayService     ] [ulljGDa] recovered [3] indices into cluster_state
[2018-08-22T21:09:32,154][INFO ][o.e.c.r.a.AllocationService] [ulljGDa] Cluster health status changed from [RED] to [YELLOW] (reason: [shards started [[article][3]] ...]).
[2018-08-22T21:11:05,308][INFO ][o.e.c.m.MetaDataMappingService] [ulljGDa] [twitter/XFDQD3b7TEGxQzwUmOI7-A] create_mapping [theHindu]
[2018-08-22T22:01:20,488][INFO ][o.e.n.Node               ] [ulljGDa] stopping ...
[2018-08-22T22:01:20,584][INFO ][o.e.n.Node               ] [ulljGDa] stopped
[2018-08-22T22:01:20,585][INFO ][o.e.n.Node               ] [ulljGDa] closing ...
[2018-08-22T22:01:20,592][INFO ][o.e.n.Node               ] [ulljGDa] closed
[2018-08-22T22:01:24,236][INFO ][o.e.n.Node               ] [] initializing ...
[2018-08-22T22:01:24,297][INFO ][o.e.e.NodeEnvironment    ] [ulljGDa] using [1] data paths, mounts [[/ (/dev/disk1s1)]], net usable_space [190.2gb], net total_space [233.4gb], spins? [unknown], types [apfs]
[2018-08-22T22:01:24,297][INFO ][o.e.e.NodeEnvironment    ] [ulljGDa] heap size [1.9gb], compressed ordinary object pointers [true]
[2018-08-22T22:01:24,324][INFO ][o.e.n.Node               ] node name [ulljGDa] derived from node ID [ulljGDafTlqwo9lyGJYBIw]; set [node.name] to override
[2018-08-22T22:01:24,325][INFO ][o.e.n.Node               ] version[5.1.1], pid[6843], build[5395e21/2016-12-06T12:36:15.409Z], OS[Mac OS X/10.13.6/x86_64], JVM["Oracle Corporation"/Java HotSpot(TM) 64-Bit Server VM/10.0.2/10.0.2+13]
[2018-08-22T22:01:24,775][INFO ][o.e.p.PluginsService     ] [ulljGDa] loaded module [aggs-matrix-stats]
[2018-08-22T22:01:24,775][INFO ][o.e.p.PluginsService     ] [ulljGDa] loaded module [ingest-common]
[2018-08-22T22:01:24,775][INFO ][o.e.p.PluginsService     ] [ulljGDa] loaded module [lang-expression]
[2018-08-22T22:01:24,775][INFO ][o.e.p.PluginsService     ] [ulljGDa] loaded module [lang-groovy]
[2018-08-22T22:01:24,775][INFO ][o.e.p.PluginsService     ] [ulljGDa] loaded module [lang-mustache]
[2018-08-22T22:01:24,775][INFO ][o.e.p.PluginsService     ] [ulljGDa] loaded module [lang-painless]
[2018-08-22T22:01:24,776][INFO ][o.e.p.PluginsService     ] [ulljGDa] loaded module [percolator]
[2018-08-22T22:01:24,776][INFO ][o.e.p.PluginsService     ] [ulljGDa] loaded module [reindex]
[2018-08-22T22:01:24,776][INFO ][o.e.p.PluginsService     ] [ulljGDa] loaded module [transport-netty3]
[2018-08-22T22:01:24,776][INFO ][o.e.p.PluginsService     ] [ulljGDa] loaded module [transport-netty4]
[2018-08-22T22:01:24,776][INFO ][o.e.p.PluginsService     ] [ulljGDa] no plugins loaded
[2018-08-22T22:01:26,005][INFO ][o.e.n.Node               ] initialized
[2018-08-22T22:01:26,005][INFO ][o.e.n.Node               ] [ulljGDa] starting ...
[2018-08-22T22:01:26,167][INFO ][o.e.t.TransportService   ] [ulljGDa] publish_address {127.0.0.1:9300}, bound_addresses {[fe80::1]:9300}, {[::1]:9300}, {127.0.0.1:9300}, {127.94.0.1:9300}
[2018-08-22T22:01:29,241][INFO ][o.e.c.s.ClusterService   ] [ulljGDa] new_master {ulljGDa}{ulljGDafTlqwo9lyGJYBIw}{vScBwqbrS7CFFRtkpoi5Lg}{127.0.0.1}{127.0.0.1:9300}, reason: zen-disco-elected-as-master ([0] nodes joined)
[2018-08-22T22:01:29,255][INFO ][o.e.h.HttpServer         ] [ulljGDa] publish_address {127.0.0.1:9200}, bound_addresses {[fe80::1]:9200}, {[::1]:9200}, {127.0.0.1:9200}, {127.94.0.1:9200}
[2018-08-22T22:01:29,255][INFO ][o.e.n.Node               ] [ulljGDa] started
[2018-08-22T22:01:29,551][INFO ][o.e.g.GatewayService     ] [ulljGDa] recovered [3] indices into cluster_state
[2018-08-22T22:01:30,282][INFO ][o.e.c.r.a.AllocationService] [ulljGDa] Cluster health status changed from [RED] to [YELLOW] (reason: [shards started [[article][2]] ...]).
[2018-08-22T22:02:01,860][INFO ][o.e.c.m.MetaDataCreateIndexService] [ulljGDa] [tweet] creating index, cause [auto(index api)], templates [], shards [5]/[1], mappings []
[2018-08-22T22:02:02,156][INFO ][o.e.c.m.MetaDataMappingService] [ulljGDa] [tweet/DZ1iYQCGT5Oq6ZxDxc_YIg] create_mapping [theHindu]
[2018-08-22T22:02:52,282][INFO ][o.e.c.m.MetaDataCreateIndexService] [ulljGDa] [twet] creating index, cause [auto(index api)], templates [], shards [5]/[1], mappings []
[2018-08-22T22:02:52,573][INFO ][o.e.c.m.MetaDataMappingService] [ulljGDa] [twet/OrDLM0faRCKRgcflKtG3Pg] create_mapping [theHindu]
[2018-08-22T22:06:25,904][INFO ][o.e.c.m.MetaDataCreateIndexService] [ulljGDa] [articles] creating index, cause [auto(index api)], templates [], shards [5]/[1], mappings []
[2018-08-22T22:06:26,208][INFO ][o.e.c.m.MetaDataMappingService] [ulljGDa] [articles/m-ztY-hrSziMe7d0SM9N_Q] create_mapping [theHindu]
